Determining if the pthread_create exist failed with the following output:
Change Dir: /home/odroid/self_driving_car_project/odroid/catkin_ws/build/CMakeFiles/CMakeTmp

Run Build Command:"/usr/bin/make" "cmTC_a468d/fast"
/usr/bin/make -f CMakeFiles/cmTC_a468d.dir/build.make CMakeFiles/cmTC_a468d.dir/build
make[1]: Entering directory '/home/odroid/self_driving_car_project/odroid/catkin_ws/build/CMakeFiles/CMakeTmp'
Building C object CMakeFiles/cmTC_a468d.dir/CheckSymbolExists.c.o
/usr/bin/cc    -o CMakeFiles/cmTC_a468d.dir/CheckSymbolExists.c.o   -c /home/odroid/self_driving_car_project/odroid/catkin_ws/build/CMakeFiles/CMakeTmp/CheckSymbolExists.c
Linking C executable cmTC_a468d
/usr/bin/cmake -E cmake_link_script CMakeFiles/cmTC_a468d.dir/link.txt --verbose=1
/usr/bin/cc      -rdynamic CMakeFiles/cmTC_a468d.dir/CheckSymbolExists.c.o  -o cmTC_a468d 
CMakeFiles/cmTC_a468d.dir/CheckSymbolExists.c.o: In function `main':
CheckSymbolExists.c:(.text+0x2c): undefined reference to `pthread_create'
collect2: error: ld returned 1 exit status
CMakeFiles/cmTC_a468d.dir/build.make:97: recipe for target 'cmTC_a468d' failed
make[1]: *** [cmTC_a468d] Error 1
make[1]: Leaving directory '/home/odroid/self_driving_car_project/odroid/catkin_ws/build/CMakeFiles/CMakeTmp'
Makefile:126: recipe for target 'cmTC_a468d/fast' failed
make: *** [cmTC_a468d/fast] Error 2

File /home/odroid/self_driving_car_project/odroid/catkin_ws/build/CMakeFiles/CMakeTmp/CheckSymbolExists.c:
/* */
#include <pthread.h>

int main(int argc, char** argv)
{
  (void)argv;
#ifndef pthread_create
  return ((int*)(&pthread_create))[argc];
#else
  (void)argc;
  return 0;
#endif
}

Determining if the function pthread_create exists in the pthreads failed with the following output:
Change Dir: /home/odroid/self_driving_car_project/odroid/catkin_ws/build/CMakeFiles/CMakeTmp

Run Build Command:"/usr/bin/make" "cmTC_22afc/fast"
/usr/bin/make -f CMakeFiles/cmTC_22afc.dir/build.make CMakeFiles/cmTC_22afc.dir/build
make[1]: Entering directory '/home/odroid/self_driving_car_project/odroid/catkin_ws/build/CMakeFiles/CMakeTmp'
Building C object CMakeFiles/cmTC_22afc.dir/CheckFunctionExists.c.o
/usr/bin/cc   -DCHECK_FUNCTION_EXISTS=pthread_create   -o CMakeFiles/cmTC_22afc.dir/CheckFunctionExists.c.o   -c /usr/share/cmake-3.10/Modules/CheckFunctionExists.c
Linking C executable cmTC_22afc
/usr/bin/cmake -E cmake_link_script CMakeFiles/cmTC_22afc.dir/link.txt --verbose=1
/usr/bin/cc  -DCHECK_FUNCTION_EXISTS=pthread_create    -rdynamic CMakeFiles/cmTC_22afc.dir/CheckFunctionExists.c.o  -o cmTC_22afc -lpthreads 
/usr/bin/ld: cannot find -lpthreads
collect2: error: ld returned 1 exit status
CMakeFiles/cmTC_22afc.dir/build.make:97: recipe for target 'cmTC_22afc' failed
make[1]: *** [cmTC_22afc] Error 1
make[1]: Leaving directory '/home/odroid/self_driving_car_project/odroid/catkin_ws/build/CMakeFiles/CMakeTmp'
Makefile:126: recipe for target 'cmTC_22afc/fast' failed
make: *** [cmTC_22afc/fast] Error 2


